TN:
SF:src/Entities/User.ts
FN:10,User
FNF:1
FNH:1
FNDA:1,User
DA:1,1
DA:2,1
DA:3,1
DA:4,1
DA:5,1
DA:6,1
DA:7,1
DA:8,1
DA:9,1
DA:10,1
DA:11,1
DA:12,1
DA:13,1
DA:14,1
DA:15,1
DA:16,1
LF:16
LH:16
BRDA:10,0,0,1
BRDA:11,1,0,0
BRF:2
BRH:1
end_of_record
TN:
SF:src/useCases/createUser/CreateOneUSer.ts
FN:9,CreateOneUSer
FN:13,with
FNF:2
FNH:2
FNDA:1,CreateOneUSer
FNDA:1,with
DA:1,1
DA:2,1
DA:3,1
DA:4,1
DA:5,1
DA:6,1
DA:7,1
DA:8,1
DA:9,1
DA:10,1
DA:11,1
DA:12,1
DA:13,1
DA:14,1
DA:15,1
DA:16,1
DA:17,1
DA:18,1
LF:18
LH:18
BRDA:9,0,0,1
BRDA:13,1,0,1
BRF:2
BRH:2
end_of_record
TN:
SF:src/useCases/createUser/CreateUserDTO.ts
FN:6,CreateUserDTO
FNF:1
FNH:1
FNDA:1,CreateUserDTO
DA:1,1
DA:2,1
DA:3,1
DA:4,1
DA:5,1
DA:6,1
DA:7,1
DA:8,1
DA:9,1
DA:10,1
LF:10
LH:10
BRDA:6,0,0,1
BRF:1
BRH:1
end_of_record
TN:
SF:src/useCases/retrieveOneUser/RetriveOneUser.ts
FN:7,RetriveOneUser
FN:9,by
FNF:2
FNH:2
FNDA:1,RetriveOneUser
FNDA:1,by
DA:1,1
DA:2,1
DA:3,1
DA:4,1
DA:5,1
DA:6,1
DA:7,1
DA:8,1
DA:9,1
DA:10,1
DA:11,1
DA:12,1
LF:12
LH:12
BRDA:7,0,0,1
BRDA:9,1,0,1
BRF:2
BRH:2
end_of_record
TN:
SF:test/stub/TestDoubleUserRepository.ts
FN:9,TestDoubleUserRepository
FN:13,getInstance
FN:20,create
FN:25,findById
FNF:4
FNH:4
FNDA:1,TestDoubleUserRepository
FNDA:1,getInstance
FNDA:1,create
FNDA:1,findById
DA:1,1
DA:2,1
DA:3,1
DA:4,1
DA:5,1
DA:6,1
DA:7,1
DA:8,1
DA:9,1
DA:10,1
DA:11,1
DA:12,1
DA:13,1
DA:14,1
DA:15,1
DA:16,1
DA:17,1
DA:18,1
DA:19,1
DA:20,1
DA:21,1
DA:22,1
DA:23,1
DA:24,1
DA:25,1
DA:26,1
DA:27,1
DA:28,0
DA:29,0
DA:30,1
DA:31,1
DA:32,1
DA:33,1
LF:33
LH:31
BRDA:9,0,0,1
BRDA:13,1,0,1
BRDA:20,2,0,1
BRDA:25,3,0,1
BRDA:27,4,0,0
BRDA:26,5,0,1
BRF:6
BRH:5
end_of_record
